{
  "RSpec": {
    "coverage": {
      "/Users/janicelichtman/Desktop/ADA/class/weekend-warrior/02-alouette/lib/alouette.rb": [
        null,
        null,
        1,
        null,
        1,
        1,
        1,
        1,
        null,
        null,
        1,
        40,
        40,
        171,
        null,
        40,
        null,
        null,
        null,
        1,
        null,
        37,
        null,
        37,
        163,
        null,
        null,
        37,
        null,
        37,
        null,
        null,
        null,
        1,
        4,
        null,
        4,
        32,
        32,
        32,
        32,
        null,
        4,
        null,
        null,
        null,
        null,
        null,
        1
      ]
    },
    "timestamp": 1488389462
  }
}
